
2024/06/20 (13:27:05) | ===> btop++ v.1.3.2
2024/06/20 (13:27:05) | WARNING: ROCm SMI: Failed to get maximum GPU power draw, defaulting to 225W
2024/06/20 (13:27:05) | WARNING: ROCm SMI: Failed to get maximum GPU temperature, defaulting to 110°C
2024/06/20 (13:27:05) | WARNING: ROCm SMI: Failed to get VRAM utilization
2024/06/20 (13:27:05) | WARNING: ROCm SMI: Failed to get GPU power usage
2024/06/20 (13:27:05) | WARNING: ROCm SMI: Failed to get PCIe throughput

2024/06/20 (13:27:20) | ===> btop++ v.1.3.2
2024/06/20 (13:27:20) | WARNING: ROCm SMI: Failed to get maximum GPU power draw, defaulting to 225W
2024/06/20 (13:27:20) | WARNING: ROCm SMI: Failed to get maximum GPU temperature, defaulting to 110°C
2024/06/20 (13:27:20) | WARNING: ROCm SMI: Failed to get VRAM utilization
2024/06/20 (13:27:20) | WARNING: ROCm SMI: Failed to get GPU power usage
2024/06/20 (13:27:20) | WARNING: ROCm SMI: Failed to get PCIe throughput

2024/06/20 (13:27:52) | ===> btop++ v.1.3.2
2024/06/20 (13:27:52) | WARNING: ROCm SMI: Failed to get maximum GPU power draw, defaulting to 225W
2024/06/20 (13:27:52) | WARNING: ROCm SMI: Failed to get maximum GPU temperature, defaulting to 110°C
2024/06/20 (13:27:52) | WARNING: ROCm SMI: Failed to get VRAM utilization
2024/06/20 (13:27:52) | WARNING: ROCm SMI: Failed to get GPU power usage
2024/06/20 (13:27:52) | WARNING: ROCm SMI: Failed to get PCIe throughput

2024/06/20 (14:09:36) | ===> btop++ v.1.3.2
2024/06/20 (14:09:36) | WARNING: Got an invalid bool value for config name: theme_background
2024/06/20 (14:09:36) | WARNING: ROCm SMI: Failed to get maximum GPU power draw, defaulting to 225W
2024/06/20 (14:09:36) | WARNING: ROCm SMI: Failed to get maximum GPU temperature, defaulting to 110°C
2024/06/20 (14:09:36) | WARNING: ROCm SMI: Failed to get VRAM utilization
2024/06/20 (14:09:36) | WARNING: ROCm SMI: Failed to get GPU power usage
2024/06/20 (14:09:36) | WARNING: ROCm SMI: Failed to get PCIe throughput

2024/06/20 (14:09:40) | ===> btop++ v.1.3.2
2024/06/20 (14:09:40) | WARNING: Got an invalid bool value for config name: theme_background
2024/06/20 (14:09:40) | WARNING: ROCm SMI: Failed to get maximum GPU power draw, defaulting to 225W
2024/06/20 (14:09:40) | WARNING: ROCm SMI: Failed to get maximum GPU temperature, defaulting to 110°C
2024/06/20 (14:09:40) | WARNING: ROCm SMI: Failed to get VRAM utilization
2024/06/20 (14:09:40) | WARNING: ROCm SMI: Failed to get GPU power usage
2024/06/20 (14:09:40) | WARNING: ROCm SMI: Failed to get PCIe throughput

2024/06/20 (14:10:26) | ===> btop++ v.1.3.2
2024/06/20 (14:10:26) | WARNING: Got an invalid bool value for config name: theme_background
2024/06/20 (14:10:26) | WARNING: ROCm SMI: Failed to get maximum GPU power draw, defaulting to 225W
2024/06/20 (14:10:26) | WARNING: ROCm SMI: Failed to get maximum GPU temperature, defaulting to 110°C
2024/06/20 (14:10:26) | WARNING: ROCm SMI: Failed to get VRAM utilization
2024/06/20 (14:10:26) | WARNING: ROCm SMI: Failed to get GPU power usage
2024/06/20 (14:10:26) | WARNING: ROCm SMI: Failed to get PCIe throughput

2024/06/20 (14:11:23) | ===> btop++ v.1.3.2
2024/06/20 (14:11:23) | WARNING: ROCm SMI: Failed to get maximum GPU power draw, defaulting to 225W
2024/06/20 (14:11:23) | WARNING: ROCm SMI: Failed to get maximum GPU temperature, defaulting to 110°C
2024/06/20 (14:11:23) | WARNING: ROCm SMI: Failed to get VRAM utilization
2024/06/20 (14:11:23) | WARNING: ROCm SMI: Failed to get GPU power usage
2024/06/20 (14:11:23) | WARNING: ROCm SMI: Failed to get PCIe throughput

2024/06/20 (14:12:35) | ===> btop++ v.1.3.2
2024/06/20 (14:12:35) | WARNING: ROCm SMI: Failed to get maximum GPU power draw, defaulting to 225W
2024/06/20 (14:12:35) | WARNING: ROCm SMI: Failed to get maximum GPU temperature, defaulting to 110°C
2024/06/20 (14:12:35) | WARNING: ROCm SMI: Failed to get VRAM utilization
2024/06/20 (14:12:35) | WARNING: ROCm SMI: Failed to get GPU power usage
2024/06/20 (14:12:35) | WARNING: ROCm SMI: Failed to get PCIe throughput

2024/06/20 (14:13:00) | ===> btop++ v.1.3.2
2024/06/20 (14:13:00) | WARNING: ROCm SMI: Failed to get maximum GPU power draw, defaulting to 225W
2024/06/20 (14:13:00) | WARNING: ROCm SMI: Failed to get maximum GPU temperature, defaulting to 110°C
2024/06/20 (14:13:00) | WARNING: ROCm SMI: Failed to get VRAM utilization
2024/06/20 (14:13:00) | WARNING: ROCm SMI: Failed to get GPU power usage
2024/06/20 (14:13:00) | WARNING: ROCm SMI: Failed to get PCIe throughput

2024/06/20 (14:13:09) | ===> btop++ v.1.3.2
2024/06/20 (14:13:09) | WARNING: ROCm SMI: Failed to get maximum GPU power draw, defaulting to 225W
2024/06/20 (14:13:09) | WARNING: ROCm SMI: Failed to get maximum GPU temperature, defaulting to 110°C
2024/06/20 (14:13:09) | WARNING: ROCm SMI: Failed to get VRAM utilization
2024/06/20 (14:13:09) | WARNING: ROCm SMI: Failed to get GPU power usage
2024/06/20 (14:13:09) | WARNING: ROCm SMI: Failed to get PCIe throughput

2024/06/20 (14:17:14) | ===> btop++ v.1.3.2
2024/06/20 (14:17:14) | WARNING: ROCm SMI: Failed to get maximum GPU power draw, defaulting to 225W
2024/06/20 (14:17:14) | WARNING: ROCm SMI: Failed to get maximum GPU temperature, defaulting to 110°C
2024/06/20 (14:17:14) | WARNING: ROCm SMI: Failed to get VRAM utilization
2024/06/20 (14:17:14) | WARNING: ROCm SMI: Failed to get GPU power usage
2024/06/20 (14:17:14) | WARNING: ROCm SMI: Failed to get PCIe throughput

2024/06/20 (14:17:17) | ===> btop++ v.1.3.2
2024/06/20 (14:17:17) | WARNING: ROCm SMI: Failed to get maximum GPU power draw, defaulting to 225W
2024/06/20 (14:17:17) | WARNING: ROCm SMI: Failed to get maximum GPU temperature, defaulting to 110°C
2024/06/20 (14:17:17) | WARNING: ROCm SMI: Failed to get VRAM utilization
2024/06/20 (14:17:17) | WARNING: ROCm SMI: Failed to get GPU power usage
2024/06/20 (14:17:17) | WARNING: ROCm SMI: Failed to get PCIe throughput

2024/06/20 (14:18:31) | ===> btop++ v.1.3.2
2024/06/20 (14:18:31) | WARNING: ROCm SMI: Failed to get maximum GPU power draw, defaulting to 225W
2024/06/20 (14:18:31) | WARNING: ROCm SMI: Failed to get maximum GPU temperature, defaulting to 110°C
2024/06/20 (14:18:31) | WARNING: ROCm SMI: Failed to get VRAM utilization
2024/06/20 (14:18:31) | WARNING: ROCm SMI: Failed to get GPU power usage
2024/06/20 (14:18:31) | WARNING: ROCm SMI: Failed to get PCIe throughput
2024/06/20 (14:18:31) | ERROR: Invalid size of hex value: 1e1e2e10

2024/06/20 (14:18:46) | ===> btop++ v.1.3.2
2024/06/20 (14:18:46) | WARNING: ROCm SMI: Failed to get maximum GPU power draw, defaulting to 225W
2024/06/20 (14:18:46) | WARNING: ROCm SMI: Failed to get maximum GPU temperature, defaulting to 110°C
2024/06/20 (14:18:46) | WARNING: ROCm SMI: Failed to get VRAM utilization
2024/06/20 (14:18:46) | WARNING: ROCm SMI: Failed to get GPU power usage
2024/06/20 (14:18:46) | WARNING: ROCm SMI: Failed to get PCIe throughput
2024/06/20 (14:18:46) | ERROR: Invalid size of hex value: 1e1e2eff

2024/06/20 (14:19:38) | ===> btop++ v.1.3.2
2024/06/20 (14:19:38) | WARNING: ROCm SMI: Failed to get maximum GPU power draw, defaulting to 225W
2024/06/20 (14:19:38) | WARNING: ROCm SMI: Failed to get maximum GPU temperature, defaulting to 110°C
2024/06/20 (14:19:38) | WARNING: ROCm SMI: Failed to get VRAM utilization
2024/06/20 (14:19:38) | WARNING: ROCm SMI: Failed to get GPU power usage
2024/06/20 (14:19:38) | WARNING: ROCm SMI: Failed to get PCIe throughput
2024/06/20 (14:19:38) | ERROR: Invalid size of hex value: 1e1e2e50

2024/06/20 (14:19:54) | ===> btop++ v.1.3.2
2024/06/20 (14:19:54) | WARNING: ROCm SMI: Failed to get maximum GPU power draw, defaulting to 225W
2024/06/20 (14:19:54) | WARNING: ROCm SMI: Failed to get maximum GPU temperature, defaulting to 110°C
2024/06/20 (14:19:54) | WARNING: ROCm SMI: Failed to get VRAM utilization
2024/06/20 (14:19:54) | WARNING: ROCm SMI: Failed to get GPU power usage
2024/06/20 (14:19:54) | WARNING: ROCm SMI: Failed to get PCIe throughput
2024/06/20 (14:19:54) | ERROR: Invalid size of hex value: 1e1e2e99

2024/06/20 (14:20:54) | ===> btop++ v.1.3.2
2024/06/20 (14:20:54) | WARNING: ROCm SMI: Failed to get maximum GPU power draw, defaulting to 225W
2024/06/20 (14:20:54) | WARNING: ROCm SMI: Failed to get maximum GPU temperature, defaulting to 110°C
2024/06/20 (14:20:54) | WARNING: ROCm SMI: Failed to get VRAM utilization
2024/06/20 (14:20:54) | WARNING: ROCm SMI: Failed to get GPU power usage
2024/06/20 (14:20:54) | WARNING: ROCm SMI: Failed to get PCIe throughput
2024/06/20 (14:20:54) | ERROR: Invalid size of hex value: 1e1e2e99

2024/06/20 (14:22:51) | ===> btop++ v.1.3.2
2024/06/20 (14:22:51) | WARNING: ROCm SMI: Failed to get maximum GPU power draw, defaulting to 225W
2024/06/20 (14:22:51) | WARNING: ROCm SMI: Failed to get maximum GPU temperature, defaulting to 110°C
2024/06/20 (14:22:51) | WARNING: ROCm SMI: Failed to get VRAM utilization
2024/06/20 (14:22:51) | WARNING: ROCm SMI: Failed to get GPU power usage
2024/06/20 (14:22:51) | WARNING: ROCm SMI: Failed to get PCIe throughput

2024/06/21 (11:17:50) | ===> btop++ v.1.3.2
2024/06/21 (11:17:50) | WARNING: ROCm SMI: Failed to get maximum GPU power draw, defaulting to 225W
2024/06/21 (11:17:50) | WARNING: ROCm SMI: Failed to get maximum GPU temperature, defaulting to 110°C
2024/06/21 (11:17:50) | WARNING: ROCm SMI: Failed to get VRAM utilization
2024/06/21 (11:17:50) | WARNING: ROCm SMI: Failed to get GPU power usage
2024/06/21 (11:17:50) | WARNING: ROCm SMI: Failed to get PCIe throughput

2024/06/21 (11:22:47) | ===> btop++ v.1.3.2
2024/06/21 (11:22:47) | WARNING: ROCm SMI: Failed to get maximum GPU power draw, defaulting to 225W
2024/06/21 (11:22:47) | WARNING: ROCm SMI: Failed to get maximum GPU temperature, defaulting to 110°C
2024/06/21 (11:22:47) | WARNING: ROCm SMI: Failed to get VRAM utilization
2024/06/21 (11:22:47) | WARNING: ROCm SMI: Failed to get GPU power usage
2024/06/21 (11:22:47) | WARNING: ROCm SMI: Failed to get PCIe throughput

2024/06/21 (11:22:54) | ===> btop++ v.1.3.2
2024/06/21 (11:22:54) | WARNING: ROCm SMI: Failed to get maximum GPU power draw, defaulting to 225W
2024/06/21 (11:22:54) | WARNING: ROCm SMI: Failed to get maximum GPU temperature, defaulting to 110°C
2024/06/21 (11:22:54) | WARNING: ROCm SMI: Failed to get VRAM utilization
2024/06/21 (11:22:54) | WARNING: ROCm SMI: Failed to get GPU power usage
2024/06/21 (11:22:54) | WARNING: ROCm SMI: Failed to get PCIe throughput

2024/06/21 (11:23:06) | ===> btop++ v.1.3.2
2024/06/21 (11:23:06) | WARNING: ROCm SMI: Failed to get maximum GPU power draw, defaulting to 225W
2024/06/21 (11:23:06) | WARNING: ROCm SMI: Failed to get maximum GPU temperature, defaulting to 110°C
2024/06/21 (11:23:06) | WARNING: ROCm SMI: Failed to get VRAM utilization
2024/06/21 (11:23:06) | WARNING: ROCm SMI: Failed to get GPU power usage
2024/06/21 (11:23:06) | WARNING: ROCm SMI: Failed to get PCIe throughput

2024/06/21 (11:24:35) | ===> btop++ v.1.3.2
2024/06/21 (11:24:35) | WARNING: ROCm SMI: Failed to get maximum GPU power draw, defaulting to 225W
2024/06/21 (11:24:35) | WARNING: ROCm SMI: Failed to get maximum GPU temperature, defaulting to 110°C
2024/06/21 (11:24:35) | WARNING: ROCm SMI: Failed to get VRAM utilization
2024/06/21 (11:24:35) | WARNING: ROCm SMI: Failed to get GPU power usage
2024/06/21 (11:24:35) | WARNING: ROCm SMI: Failed to get PCIe throughput

2024/06/21 (11:25:04) | ===> btop++ v.1.3.2
2024/06/21 (11:25:04) | WARNING: ROCm SMI: Failed to get maximum GPU power draw, defaulting to 225W
2024/06/21 (11:25:04) | WARNING: ROCm SMI: Failed to get maximum GPU temperature, defaulting to 110°C
2024/06/21 (11:25:04) | WARNING: ROCm SMI: Failed to get VRAM utilization
2024/06/21 (11:25:04) | WARNING: ROCm SMI: Failed to get GPU power usage
2024/06/21 (11:25:04) | WARNING: ROCm SMI: Failed to get PCIe throughput

2024/06/21 (11:25:31) | ===> btop++ v.1.3.2
2024/06/21 (11:25:31) | WARNING: ROCm SMI: Failed to get maximum GPU power draw, defaulting to 225W
2024/06/21 (11:25:31) | WARNING: ROCm SMI: Failed to get maximum GPU temperature, defaulting to 110°C
2024/06/21 (11:25:31) | WARNING: ROCm SMI: Failed to get VRAM utilization
2024/06/21 (11:25:31) | WARNING: ROCm SMI: Failed to get GPU power usage
2024/06/21 (11:25:31) | WARNING: ROCm SMI: Failed to get PCIe throughput

2024/06/21 (11:26:00) | ===> btop++ v.1.3.2
2024/06/21 (11:26:00) | WARNING: ROCm SMI: Failed to get maximum GPU power draw, defaulting to 225W
2024/06/21 (11:26:00) | WARNING: ROCm SMI: Failed to get maximum GPU temperature, defaulting to 110°C
2024/06/21 (11:26:00) | WARNING: ROCm SMI: Failed to get VRAM utilization
2024/06/21 (11:26:00) | WARNING: ROCm SMI: Failed to get GPU power usage
2024/06/21 (11:26:00) | WARNING: ROCm SMI: Failed to get PCIe throughput

2024/06/21 (11:26:09) | ===> btop++ v.1.3.2
2024/06/21 (11:26:09) | WARNING: ROCm SMI: Failed to get maximum GPU power draw, defaulting to 225W
2024/06/21 (11:26:09) | WARNING: ROCm SMI: Failed to get maximum GPU temperature, defaulting to 110°C
2024/06/21 (11:26:09) | WARNING: ROCm SMI: Failed to get VRAM utilization
2024/06/21 (11:26:09) | WARNING: ROCm SMI: Failed to get GPU power usage
2024/06/21 (11:26:09) | WARNING: ROCm SMI: Failed to get PCIe throughput

2024/06/21 (13:17:44) | ===> btop++ v.1.3.2
2024/06/21 (13:17:44) | WARNING: ROCm SMI: Failed to get maximum GPU power draw, defaulting to 225W
2024/06/21 (13:17:44) | WARNING: ROCm SMI: Failed to get maximum GPU temperature, defaulting to 110°C
2024/06/21 (13:17:44) | WARNING: ROCm SMI: Failed to get VRAM utilization
2024/06/21 (13:17:44) | WARNING: ROCm SMI: Failed to get GPU power usage
2024/06/21 (13:17:44) | WARNING: ROCm SMI: Failed to get PCIe throughput

2024/06/21 (22:08:27) | ===> btop++ v.1.3.2
2024/06/21 (22:08:27) | WARNING: ROCm SMI: Failed to get maximum GPU power draw, defaulting to 225W
2024/06/21 (22:08:27) | WARNING: ROCm SMI: Failed to get maximum GPU temperature, defaulting to 110°C
2024/06/21 (22:08:27) | WARNING: ROCm SMI: Failed to get VRAM utilization
2024/06/21 (22:08:27) | WARNING: ROCm SMI: Failed to get GPU power usage
2024/06/21 (22:08:27) | WARNING: ROCm SMI: Failed to get PCIe throughput
